#
# There is insufficient memory for the Java Runtime Environment to continue.
# Native memory allocation (malloc) failed to allocate 713776 bytes for Chunk::new
# Possible reasons:
#   The system is out of physical RAM or swap space
#   The process is running with CompressedOops enabled, and the Java Heap may be blocking the growth of the native heap
# Possible solutions:
#   Reduce memory load on the system
#   Increase physical memory or swap space
#   Check if swap backing store is full
#   Decrease Java heap size (-Xmx/-Xms)
#   Decrease number of Java threads
#   Decrease Java thread stack sizes (-Xss)
#   Set larger code cache with -XX:ReservedCodeCacheSize=
#   JVM is running with Zero Based Compressed Oops mode in which the Java heap is
#     placed in the first 32GB address space. The Java Heap base address is the
#     maximum limit for the native heap growth. Please use -XX:HeapBaseMinAddress
#     to set the Java Heap base and to place the Java Heap above 32GB virtual address.
# This output file may be truncated or incomplete.
#
#  Out of Memory Error (arena.cpp:168), pid=40468, tid=40096
#
# JRE version: Java(TM) SE Runtime Environment (21.0.2+13) (build 21.0.2+13-LTS-58)
# Java VM: Java HotSpot(TM) 64-Bit Server VM (21.0.2+13-LTS-58, mixed mode, sharing, tiered, compressed oops, compressed class ptrs, g1 gc, windows-amd64)
# No core dump will be written. Minidumps are not enabled by default on client versions of Windows
#

---------------  S U M M A R Y ------------

Command Line: -Dfile.encoding=UTF-8 --module-path=C:\Users\RAMS\Documents\NetBeansProjects\bank management system\build\classes bank.management.system.SignupThree

Host: Intel(R) Core(TM) i7-10750H CPU @ 2.60GHz, 12 cores, 15G,  Windows 11 , 64 bit Build 22621 (10.0.22621.2506)
Time: Wed Jan 24 23:42:23 2024 India Standard Time elapsed time: 0.760875 seconds (0d 0h 0m 0s)

---------------  T H R E A D  ---------------

Current thread (0x0000013d6b64a3c0):  JavaThread "C2 CompilerThread0" daemon [_thread_in_native, id=40096, stack(0x0000001c0af00000,0x0000001c0b000000) (1024K)]


Current CompileTask:
C2:    760 1054   !   4       sun.font.TrueTypeFont::getTableBuffer (208 bytes)

Stack: [0x0000001c0af00000,0x0000001c0b000000]
Native frames: (J=compiled Java code, j=interpreted, Vv=VM code, C=native code)
V  [jvm.dll+0x6cade9]
V  [jvm.dll+0x8569c1]
V  [jvm.dll+0x858d2e]
V  [jvm.dll+0x859413]
V  [jvm.dll+0x280e56]
V  [jvm.dll+0xc3f3d]
V  [jvm.dll+0xc4473]
V  [jvm.dll+0x3b5bf2]
V  [jvm.dll+0x382855]
V  [jvm.dll+0x381cca]
V  [jvm.dll+0x249bd0]
V  [jvm.dll+0x2491b1]
V  [jvm.dll+0x1c9634]
V  [jvm.dll+0x258859]
V  [jvm.dll+0x256e3a]
V  [jvm.dll+0x3ef6c6]
V  [jvm.dll+0x7ff568]
V  [jvm.dll+0x6c953d]
C  [ucrtbase.dll+0x29363]
C  [KERNEL32.DLL+0x1257d]
C  [ntdll.dll+0x5aa58]


---------------  P R O C E S S  ---------------

Threads class SMR info:
_java_thread_list=0x0000013d70174f80, length=18, elements={
0x0000013d6b631d30, 0x0000013d6b632b50, 0x0000013d6b637ce0, 0x0000013d6b63e9e0,
0x0000013d6b780090, 0x0000013d6b647a10, 0x0000013d6b64a3c0, 0x0000013d6b64fc80,
0x0000013d6b8c4ed0, 0x0000013d6b9756d0, 0x0000013d6ba18ae0, 0x0000013d6ba19560,
0x0000013d6ba6a300, 0x0000013d700446d0, 0x0000013d7005e550, 0x0000013d700fe730,
0x0000013d4c11d930, 0x0000013d6b64e140
}

Java Threads: ( => current thread )
  0x0000013d6b631d30 JavaThread "Reference Handler"          daemon [_thread_blocked, id=20292, stack(0x0000001c0a900000,0x0000001c0aa00000) (1024K)]
  0x0000013d6b632b50 JavaThread "Finalizer"                  daemon [_thread_blocked, id=15780, stack(0x0000001c0aa00000,0x0000001c0ab00000) (1024K)]
  0x0000013d6b637ce0 JavaThread "Signal Dispatcher"          daemon [_thread_blocked, id=40024, stack(0x0000001c0ab00000,0x0000001c0ac00000) (1024K)]
  0x0000013d6b63e9e0 JavaThread "Attach Listener"            daemon [_thread_blocked, id=24428, stack(0x0000001c0ac00000,0x0000001c0ad00000) (1024K)]
  0x0000013d6b780090 JavaThread "Service Thread"             daemon [_thread_blocked, id=35272, stack(0x0000001c0ad00000,0x0000001c0ae00000) (1024K)]
  0x0000013d6b647a10 JavaThread "Monitor Deflation Thread"   daemon [_thread_blocked, id=29472, stack(0x0000001c0ae00000,0x0000001c0af00000) (1024K)]
=>0x0000013d6b64a3c0 JavaThread "C2 CompilerThread0"         daemon [_thread_in_native, id=40096, stack(0x0000001c0af00000,0x0000001c0b000000) (1024K)]
  0x0000013d6b64fc80 JavaThread "C1 CompilerThread0"         daemon [_thread_blocked, id=2068, stack(0x0000001c0b000000,0x0000001c0b100000) (1024K)]
  0x0000013d6b8c4ed0 JavaThread "Common-Cleaner"             daemon [_thread_blocked, id=9264, stack(0x0000001c0b100000,0x0000001c0b200000) (1024K)]
  0x0000013d6b9756d0 JavaThread "Notification Thread"        daemon [_thread_blocked, id=1908, stack(0x0000001c0b200000,0x0000001c0b300000) (1024K)]
  0x0000013d6ba18ae0 JavaThread "Java2D Disposer"            daemon [_thread_blocked, id=8044, stack(0x0000001c0b400000,0x0000001c0b500000) (1024K)]
  0x0000013d6ba19560 JavaThread "AWT-Shutdown"                      [_thread_blocked, id=37732, stack(0x0000001c0b500000,0x0000001c0b600000) (1024K)]
  0x0000013d6ba6a300 JavaThread "AWT-Windows"                daemon [_thread_in_native, id=18760, stack(0x0000001c0b600000,0x0000001c0b700000) (1024K)]
  0x0000013d700446d0 JavaThread "EventQueueMonitor-ComponentEvtDispatch" daemon [_thread_blocked, id=40420, stack(0x0000001c0b300000,0x0000001c0b400000) (1024K)]
  0x0000013d7005e550 JavaThread "Thread-1"                   daemon [_thread_in_native, id=40360, stack(0x0000001c0b700000,0x0000001c0b800000) (1024K)]
  0x0000013d700fe730 JavaThread "AWT-EventQueue-0"                  [_thread_in_native, id=24640, stack(0x0000001c0b800000,0x0000001c0b900000) (1024K)]
  0x0000013d4c11d930 JavaThread "DestroyJavaVM"                     [_thread_blocked, id=39292, stack(0x0000001c0a100000,0x0000001c0a200000) (1024K)]
  0x0000013d6b64e140 JavaThread "C2 CompilerThread1"         daemon [_thread_blocked, id=31700, stack(0x0000001c0b900000,0x0000001c0ba00000) (1024K)]
Total: 18

Other Threads:
  0x0000013d6b617ee0 VMThread "VM Thread"                           [id=38592, stack(0x0000001c0a800000,0x0000001c0a900000) (1024K)]
  0x0000013d6b5fd510 WatcherThread "VM Periodic Task Thread"        [id=27456, stack(0x0000001c0a700000,0x0000001c0a800000) (1024K)]
  0x0000013d4c179e70 WorkerThread "GC Thread#0"                     [id=30808, stack(0x0000001c0a200000,0x0000001c0a300000) (1024K)]
  0x0000013d4c18cb30 ConcurrentGCThread "G1 Main Marker"            [id=31604, stack(0x0000001c0a300000,0x0000001c0a400000) (1024K)]
  0x0000013d4c18e7f0 WorkerThread "G1 Conc#0"                       [id=39688, stack(0x0000001c0a400000,0x0000001c0a500000) (1024K)]
  0x0000013d6b4d0f10 ConcurrentGCThread "G1 Refine#0"               [id=29700, stack(0x0000001c0a500000,0x0000001c0a600000) (1024K)]
  0x0000013d6b4d1a80 ConcurrentGCThread "G1 Service"                [id=40272, stack(0x0000001c0a600000,0x0000001c0a700000) (1024K)]
Total: 7

Threads with active compile tasks:
C2 CompilerThread0      805 1054   !   4       sun.font.TrueTypeFont::getTableBuffer (208 bytes)
Total: 1

VM state: not at safepoint (normal execution)

VM Mutex/Monitor currently owned by a thread: None

Heap address: 0x0000000703400000, size: 4044 MB, Compressed Oops mode: Zero based, Oop shift amount: 3

CDS archive(s) mapped at: [0x0000013d00000000-0x0000013d00c90000-0x0000013d00c90000), size 13172736, SharedBaseAddress: 0x0000013d00000000, ArchiveRelocationMode: 1.
Compressed class space mapped at: 0x0000013d01000000-0x0000013d41000000, reserved size: 1073741824
Narrow klass base: 0x0000013d00000000, Narrow klass shift: 0, Narrow klass range: 0x100000000

GC Precious Log:
 CardTable entry size: 512
 Card Set container configuration: InlinePtr #cards 4 size 8 Array Of Cards #cards 16 size 48 Howl #buckets 8 coarsen threshold 3686 Howl Bitmap #cards 512 size 80 coarsen threshold 460 Card regions per heap region 1 cards per card region 4096
 CPUs: 12 total, 12 available
 Memory: 16171M
 Large Page Support: Disabled
 NUMA Support: Disabled
 Compressed Oops: Enabled (Zero based)
 Heap Region Size: 2M
 Heap Min Capacity: 8M
 Heap Initial Capacity: 254M
 Heap Max Capacity: 4044M
 Pre-touch: Disabled
 Parallel Workers: 10
 Concurrent Workers: 3
 Concurrent Refinement Workers: 10
 Periodic GC: Disabled

Heap:
 garbage-first heap   total 260096K, used 20480K [0x0000000703400000, 0x0000000800000000)
  region size 2048K, 9 young (18432K), 0 survivors (0K)
 Metaspace       used 7479K, committed 7680K, reserved 1114112K
  class space    used 777K, committed 896K, reserved 1048576K

Heap Regions: E=young(eden), S=young(survivor), O=old, HS=humongous(starts), HC=humongous(continues), CS=collection set, F=free, TAMS=top-at-mark-start, PB=parsable bottom
|   0|0x0000000703400000, 0x0000000703600000, 0x0000000703600000|100%|HS|  |TAMS 0x0000000703400000| PB 0x0000000703400000| Complete 
|   1|0x0000000703600000, 0x0000000703800000, 0x0000000703800000|100%|HC|  |TAMS 0x0000000703600000| PB 0x0000000703600000| Complete 
|   2|0x0000000703800000, 0x0000000703800000, 0x0000000703a00000|  0%| F|  |TAMS 0x0000000703800000| PB 0x0000000703800000| Untracked 
|   3|0x0000000703a00000, 0x0000000703a00000, 0x0000000703c00000|  0%| F|  |TAMS 0x0000000703a00000| PB 0x0000000703a00000| Untracked 
|   4|0x0000000703c00000, 0x0000000703c00000, 0x0000000703e00000|  0%| F|  |TAMS 0x0000000703c00000| PB 0x0000000703c00000| Untracked 
|   5|0x0000000703e00000, 0x0000000703e00000, 0x0000000704000000|  0%| F|  |TAMS 0x0000000703e00000| PB 0x0000000703e00000| Untracked 
|   6|0x0000000704000000, 0x0000000704000000, 0x0000000704200000|  0%| F|  |TAMS 0x0000000704000000| PB 0x0000000704000000| Untracked 
|   7|0x0000000704200000, 0x0000000704200000, 0x0000000704400000|  0%| F|  |TAMS 0x0000000704200000| PB 0x0000000704200000| Untracked 
|   8|0x0000000704400000, 0x0000000704400000, 0x0000000704600000|  0%| F|  |TAMS 0x0000000704400000| PB 0x0000000704400000| Untracked 
|   9|0x0000000704600000, 0x0000000704600000, 0x0000000704800000|  0%| F|  |TAMS 0x0000000704600000| PB 0x0000000704600000| Untracked 
|  10|0x0000000704800000, 0x0000000704800000, 0x0000000704a00000|  0%| F|  |TAMS 0x0000000704800000| PB 0x0000000704800000| Untracked 
|  11|0x0000000704a00000, 0x0000000704a00000, 0x0000000704c00000|  0%| F|  |TAMS 0x0000000704a00000| PB 0x0000000704a00000| Untracked 
|  12|0x0000000704c00000, 0x0000000704c00000, 0x0000000704e00000|  0%| F|  |TAMS 0x0000000704c00000| PB 0x0000000704c00000| Untracked 
|  13|0x0000000704e00000, 0x0000000704e00000, 0x0000000705000000|  0%| F|  |TAMS 0x0000000704e00000| PB 0x0000000704e00000| Untracked 
|  14|0x0000000705000000, 0x0000000705000000, 0x0000000705200000|  0%| F|  |TAMS 0x0000000705000000| PB 0x0000000705000000| Untracked 
|  15|0x0000000705200000, 0x0000000705200000, 0x0000000705400000|  0%| F|  |TAMS 0x0000000705200000| PB 0x0000000705200000| Untracked 
|  16|0x0000000705400000, 0x0000000705400000, 0x0000000705600000|  0%| F|  |TAMS 0x0000000705400000| PB 0x0000000705400000| Untracked 
|  17|0x0000000705600000, 0x0000000705600000, 0x0000000705800000|  0%| F|  |TAMS 0x0000000705600000| PB 0x0000000705600000| Untracked 
|  18|0x0000000705800000, 0x0000000705800000, 0x0000000705a00000|  0%| F|  |TAMS 0x0000000705800000| PB 0x0000000705800000| Untracked 
|  19|0x0000000705a00000, 0x0000000705a00000, 0x0000000705c00000|  0%| F|  |TAMS 0x0000000705a00000| PB 0x0000000705a00000| Untracked 
|  20|0x0000000705c00000, 0x0000000705c00000, 0x0000000705e00000|  0%| F|  |TAMS 0x0000000705c00000| PB 0x0000000705c00000| Untracked 
|  21|0x0000000705e00000, 0x0000000705e00000, 0x0000000706000000|  0%| F|  |TAMS 0x0000000705e00000| PB 0x0000000705e00000| Untracked 
|  22|0x0000000706000000, 0x0000000706000000, 0x0000000706200000|  0%| F|  |TAMS 0x0000000706000000| PB 0x0000000706000000| Untracked 
|  23|0x0000000706200000, 0x0000000706200000, 0x0000000706400000|  0%| F|  |TAMS 0x0000000706200000| PB 0x0000000706200000| Untracked 
|  24|0x0000000706400000, 0x0000000706400000, 0x0000000706600000|  0%| F|  |TAMS 0x0000000706400000| PB 0x0000000706400000| Untracked 
|  25|0x0000000706600000, 0x0000000706600000, 0x0000000706800000|  0%| F|  |TAMS 0x0000000706600000| PB 0x0000000706600000| Untracked 
|  26|0x0000000706800000, 0x0000000706800000, 0x0000000706a00000|  0%| F|  |TAMS 0x0000000706800000| PB 0x0000000706800000| Untracked 
|  27|0x0000000706a00000, 0x0000000706a00000, 0x0000000706c00000|  0%| F|  |TAMS 0x0000000706a00000| PB 0x0000000706a00000| Untracked 
|  28|0x0000000706c00000, 0x0000000706c00000, 0x0000000706e00000|  0%| F|  |TAMS 0x0000000706c00000| PB 0x0000000706c00000| Untracked 
|  29|0x0000000706e00000, 0x0000000706e00000, 0x0000000707000000|  0%| F|  |TAMS 0x0000000706e00000| PB 0x0000000706e00000| Untracked 
|  30|0x0000000707000000, 0x0000000707000000, 0x0000000707200000|  0%| F|  |TAMS 0x0000000707000000| PB 0x0000000707000000| Untracked 
|  31|0x0000000707200000, 0x0000000707200000, 0x0000000707400000|  0%| F|  |TAMS 0x0000000707200000| PB 0x0000000707200000| Untracked 
|  32|0x0000000707400000, 0x0000000707400000, 0x0000000707600000|  0%| F|  |TAMS 0x0000000707400000| PB 0x0000000707400000| Untracked 
|  33|0x0000000707600000, 0x0000000707600000, 0x0000000707800000|  0%| F|  |TAMS 0x0000000707600000| PB 0x0000000707600000| Untracked 
|  34|0x0000000707800000, 0x0000000707800000, 0x0000000707a00000|  0%| F|  |TAMS 0x0000000707800000| PB 0x0000000707800000| Untracked 
|  35|0x0000000707a00000, 0x0000000707a00000, 0x0000000707c00000|  0%| F|  |TAMS 0x0000000707a00000| PB 0x0000000707a00000| Untracked 
|  36|0x0000000707c00000, 0x0000000707c00000, 0x0000000707e00000|  0%| F|  |TAMS 0x0000000707c00000| PB 0x0000000707c00000| Untracked 
|  37|0x0000000707e00000, 0x0000000707e00000, 0x0000000708000000|  0%| F|  |TAMS 0x0000000707e00000| PB 0x0000000707e00000| Untracked 
|  38|0x0000000708000000, 0x0000000708000000, 0x0000000708200000|  0%| F|  |TAMS 0x0000000708000000| PB 0x0000000708000000| Untracked 
|  39|0x0000000708200000, 0x0000000708200000, 0x0000000708400000|  0%| F|  |TAMS 0x0000000708200000| PB 0x0000000708200000| Untracked 
|  40|0x0000000708400000, 0x0000000708400000, 0x0000000708600000|  0%| F|  |TAMS 0x0000000708400000| PB 0x0000000708400000| Untracked 
|  41|0x0000000708600000, 0x0000000708600000, 0x0000000708800000|  0%| F|  |TAMS 0x0000000708600000| PB 0x0000000708600000| Untracked 
|  42|0x0000000708800000, 0x0000000708800000, 0x0000000708a00000|  0%| F|  |TAMS 0x0000000708800000| PB 0x0000000708800000| Untracked 
|  43|0x0000000708a00000, 0x0000000708a00000, 0x0000000708c00000|  0%| F|  |TAMS 0x0000000708a00000| PB 0x0000000708a00000| Untracked 
|  44|0x0000000708c00000, 0x0000000708c00000, 0x0000000708e00000|  0%| F|  |TAMS 0x0000000708c00000| PB 0x0000000708c00000| Untracked 
|  45|0x0000000708e00000, 0x0000000708e00000, 0x0000000709000000|  0%| F|  |TAMS 0x0000000708e00000| PB 0x0000000708e00000| Untracked 
|  46|0x0000000709000000, 0x0000000709000000, 0x0000000709200000|  0%| F|  |TAMS 0x0000000709000000| PB 0x0000000709000000| Untracked 
|  47|0x0000000709200000, 0x0000000709200000, 0x0000000709400000|  0%| F|  |TAMS 0x0000000709200000| PB 0x0000000709200000| Untracked 
|  48|0x0000000709400000, 0x0000000709400000, 0x0000000709600000|  0%| F|  |TAMS 0x0000000709400000| PB 0x0000000709400000| Untracked 
|  49|0x0000000709600000, 0x0000000709600000, 0x0000000709800000|  0%| F|  |TAMS 0x0000000709600000| PB 0x0000000709600000| Untracked 
|  50|0x0000000709800000, 0x0000000709800000, 0x0000000709a00000|  0%| F|  |TAMS 0x0000000709800000| PB 0x0000000709800000| Untracked 
|  51|0x0000000709a00000, 0x0000000709a00000, 0x0000000709c00000|  0%| F|  |TAMS 0x0000000709a00000| PB 0x0000000709a00000| Untracked 
|  52|0x0000000709c00000, 0x0000000709c00000, 0x0000000709e00000|  0%| F|  |TAMS 0x0000000709c00000| PB 0x0000000709c00000| Untracked 
|  53|0x0000000709e00000, 0x0000000709e00000, 0x000000070a000000|  0%| F|  |TAMS 0x0000000709e00000| PB 0x0000000709e00000| Untracked 
|  54|0x000000070a000000, 0x000000070a000000, 0x000000070a200000|  0%| F|  |TAMS 0x000000070a000000| PB 0x000000070a000000| Untracked 
|  55|0x000000070a200000, 0x000000070a200000, 0x000000070a400000|  0%| F|  |TAMS 0x000000070a200000| PB 0x000000070a200000| Untracked 
|  56|0x000000070a400000, 0x000000070a400000, 0x000000070a600000|  0%| F|  |TAMS 0x000000070a400000| PB 0x000000070a400000| Untracked 
|  57|0x000000070a600000, 0x000000070a600000, 0x000000070a800000|  0%| F|  |TAMS 0x000000070a600000| PB 0x000000070a600000| Untracked 
|  58|0x000000070a800000, 0x000000070a800000, 0x000000070aa00000|  0%| F|  |TAMS 0x000000070a800000| PB 0x000000070a800000| Untracked 
|  59|0x000000070aa00000, 0x000000070aa00000, 0x000000070ac00000|  0%| F|  |TAMS 0x000000070aa00000| PB 0x000000070aa00000| Untracked 
|  60|0x000000070ac00000, 0x000000070ac00000, 0x000000070ae00000|  0%| F|  |TAMS 0x000000070ac00000| PB 0x000000070ac00000| Untracked 
|  61|0x000000070ae00000, 0x000000070ae00000, 0x000000070b000000|  0%| F|  |TAMS 0x000000070ae00000| PB 0x000000070ae00000| Untracked 
|  62|0x000000070b000000, 0x000000070b000000, 0x000000070b200000|  0%| F|  |TAMS 0x000000070b000000| PB 0x000000070b000000| Untracked 
|  63|0x000000070b200000, 0x000000070b200000, 0x000000070b400000|  0%| F|  |TAMS 0x000000070b200000| PB 0x000000070b200000| Untracked 
|  64|0x000000070b400000, 0x000000070b400000, 0x000000070b600000|  0%| F|  |TAMS 0x000000070b400000| PB 0x000000070b400000| Untracked 
|  65|0x000000070b600000, 0x000000070b600000, 0x000000070b800000|  0%| F|  |TAMS 0x000000070b600000| PB 0x000000070b600000| Untracked 
|  66|0x000000070b800000, 0x000000070b800000, 0x000000070ba00000|  0%| F|  |TAMS 0x000000070b800000| PB 0x000000070b800000| Untracked 
|  67|0x000000070ba00000, 0x000000070ba00000, 0x000000070bc00000|  0%| F|  |TAMS 0x000000070ba00000| PB 0x000000070ba00000| Untracked 
|  68|0x000000070bc00000, 0x000000070bc00000, 0x000000070be00000|  0%| F|  |TAMS 0x000000070bc00000| PB 0x000000070bc00000| Untracked 
|  69|0x000000070be00000, 0x000000070be00000, 0x000000070c000000|  0%| F|  |TAMS 0x000000070be00000| PB 0x000000070be00000| Untracked 
|  70|0x000000070c000000, 0x000000070c000000, 0x000000070c200000|  0%| F|  |TAMS 0x000000070c000000| PB 0x000000070c000000| Untracked 
|  71|0x000000070c200000, 0x000000070c200000, 0x000000070c400000|  0%| F|  |TAMS 0x000000070c200000| PB 0x000000070c200000| Untracked 
|  72|0x000000070c400000, 0x000000070c400000, 0x000000070c600000|  0%| F|  |TAMS 0x000000070c400000| PB 0x000000070c400000| Untracked 
|  73|0x000000070c600000, 0x000000070c600000, 0x000000070c800000|  0%| F|  |TAMS 0x000000070c600000| PB 0x000000070c600000| Untracked 
|  74|0x000000070c800000, 0x000000070c800000, 0x000000070ca00000|  0%| F|  |TAMS 0x000000070c800000| PB 0x000000070c800000| Untracked 
|  75|0x000000070ca00000, 0x000000070ca00000, 0x000000070cc00000|  0%| F|  |TAMS 0x000000070ca00000| PB 0x000000070ca00000| Untracked 
|  76|0x000000070cc00000, 0x000000070cc00000, 0x000000070ce00000|  0%| F|  |TAMS 0x000000070cc00000| PB 0x000000070cc00000| Untracked 
|  77|0x000000070ce00000, 0x000000070ce00000, 0x000000070d000000|  0%| F|  |TAMS 0x000000070ce00000| PB 0x000000070ce00000| Untracked 
|  78|0x000000070d000000, 0x000000070d000000, 0x000000070d200000|  0%| F|  |TAMS 0x000000070d000000| PB 0x000000070d000000| Untracked 
|  79|0x000000070d200000, 0x000000070d200000, 0x000000070d400000|  0%| F|  |TAMS 0x000000070d200000| PB 0x000000070d200000| Untracked 
|  80|0x000000070d400000, 0x000000070d400000, 0x000000070d600000|  0%| F|  |TAMS 0x000000070d400000| PB 0x000000070d400000| Untracked 
|  81|0x000000070d600000, 0x000000070d600000, 0x000000070d800000|  0%| F|  |TAMS 0x000000070d600000| PB 0x000000070d600000| Untracked 
|  82|0x000000070d800000, 0x000000070d800000, 0x000000070da00000|  0%| F|  |TAMS 0x000000070d800000| PB 0x000000070d800000| Untracked 
|  83|0x000000070da00000, 0x000000070da00000, 0x000000070dc00000|  0%| F|  |TAMS 0x000000070da00000| PB 0x000000070da00000| Untracked 
|  84|0x000000070dc00000, 0x000000070dc00000, 0x000000070de00000|  0%| F|  |TAMS 0x000000070dc00000| PB 0x000000070dc00000| Untracked 
|  85|0x000000070de00000, 0x000000070de00000, 0x000000070e000000|  0%| F|  |TAMS 0x000000070de00000| PB 0x000000070de00000| Untracked 
|  86|0x000000070e000000, 0x000000070e000000, 0x000000070e200000|  0%| F|  |TAMS 0x000000070e000000| PB 0x000000070e000000| Untracked 
|  87|0x000000070e200000, 0x000000070e200000, 0x000000070e400000|  0%| F|  |TAMS 0x000000070e200000| PB 0x000000070e200000| Untracked 
|  88|0x000000070e400000, 0x000000070e400000, 0x000000070e600000|  0%| F|  |TAMS 0x000000070e400000| PB 0x000000070e400000| Untracked 
|  89|0x000000070e600000, 0x000000070e600000, 0x000000070e800000|  0%| F|  |TAMS 0x000000070e600000| PB 0x000000070e600000| Untracked 
|  90|0x000000070e800000, 0x000000070e800000, 0x000000070ea00000|  0%| F|  |TAMS 0x000000070e800000| PB 0x000000070e800000| Untracked 
|  91|0x000000070ea00000, 0x000000070ea00000, 0x000000070ec00000|  0%| F|  |TAMS 0x000000070ea00000| PB 0x000000070ea00000| Untracked 
|  92|0x000000070ec00000, 0x000000070ec00000, 0x000000070ee00000|  0%| F|  |TAMS 0x000000070ec00000| PB 0x000000070ec00000| Untracked 
|  93|0x000000070ee00000, 0x000000070ee00000, 0x000000070f000000|  0%| F|  |TAMS 0x000000070ee00000| PB 0x000000070ee00000| Untracked 
|  94|0x000000070f000000, 0x000000070f000000, 0x000000070f200000|  0%| F|  |TAMS 0x000000070f000000| PB 0x000000070f000000| Untracked 
|  95|0x000000070f200000, 0x000000070f200000, 0x000000070f400000|  0%| F|  |TAMS 0x000000070f200000| PB 0x000000070f200000| Untracked 
|  96|0x000000070f400000, 0x000000070f400000, 0x000000070f600000|  0%| F|  |TAMS 0x000000070f400000| PB 0x000000070f400000| Untracked 
|  97|0x000000070f600000, 0x000000070f600000, 0x000000070f800000|  0%| F|  |TAMS 0x000000070f600000| PB 0x000000070f600000| Untracked 
|  98|0x000000070f800000, 0x000000070f800000, 0x000000070fa00000|  0%| F|  |TAMS 0x000000070f800000| PB 0x000000070f800000| Untracked 
|  99|0x000000070fa00000, 0x000000070fa00000, 0x000000070fc00000|  0%| F|  |TAMS 0x000000070fa00000| PB 0x000000070fa00000| Untracked 
| 100|0x000000070fc00000, 0x000000070fc00000, 0x000000070fe00000|  0%| F|  |TAMS 0x000000070fc00000| PB 0x000000070fc00000| Untracked 
| 101|0x000000070fe00000, 0x000000070fe00000, 0x0000000710000000|  0%| F|  |TAMS 0x000000070fe00000| PB 0x000000070fe00000| Untracked 
| 102|0x0000000710000000, 0x0000000710000000, 0x0000000710200000|  0%| F|  |TAMS 0x0000000710000000| PB 0x0000000710000000| Untracked 
| 103|0x0000000710200000, 0x0000000710200000, 0x0000000710400000|  0%| F|  |TAMS 0x0000000710200000| PB 0x0000000710200000| Untracked 
| 104|0x0000000710400000, 0x0000000710400000, 0x0000000710600000|  0%| F|  |TAMS 0x0000000710400000| PB 0x0000000710400000| Untracked 
| 105|0x0000000710600000, 0x0000000710600000, 0x0000000710800000|  0%| F|  |TAMS 0x0000000710600000| PB 0x0000000710600000| Untracked 
| 106|0x0000000710800000, 0x0000000710800000, 0x0000000710a00000|  0%| F|  |TAMS 0x0000000710800000| PB 0x0000000710800000| Untracked 
| 107|0x0000000710a00000, 0x0000000710a00000, 0x0000000710c00000|  0%| F|  |TAMS 0x0000000710a00000| PB 0x0000000710a00000| Untracked 
| 108|0x0000000710c00000, 0x0000000710c00000, 0x0000000710e00000|  0%| F|  |TAMS 0x0000000710c00000| PB 0x0000000710c00000| Untracked 
| 109|0x0000000710e00000, 0x0000000710e00000, 0x0000000711000000|  0%| F|  |TAMS 0x0000000710e00000| PB 0x0000000710e00000| Untracked 
| 110|0x0000000711000000, 0x0000000711000000, 0x0000000711200000|  0%| F|  |TAMS 0x0000000711000000| PB 0x0000000711000000| Untracked 
| 111|0x0000000711200000, 0x0000000711200000, 0x0000000711400000|  0%| F|  |TAMS 0x0000000711200000| PB 0x0000000711200000| Untracked 
| 112|0x0000000711400000, 0x0000000711400000, 0x0000000711600000|  0%| F|  |TAMS 0x0000000711400000| PB 0x0000000711400000| Untracked 
| 113|0x0000000711600000, 0x0000000711600000, 0x0000000711800000|  0%| F|  |TAMS 0x0000000711600000| PB 0x0000000711600000| Untracked 
| 114|0x0000000711800000, 0x0000000711800000, 0x0000000711a00000|  0%| F|  |TAMS 0x0000000711800000| PB 0x0000000711800000| Untracked 
| 115|0x0000000711a00000, 0x0000000711a00000, 0x0000000711c00000|  0%| F|  |TAMS 0x0000000711a00000| PB 0x0000000711a00000| Untracked 
| 116|0x0000000711c00000, 0x0000000711c00000, 0x0000000711e00000|  0%| F|  |TAMS 0x0000000711c00000| PB 0x0000000711c00000| Untracked 
| 117|0x0000000711e00000, 0x0000000711e00000, 0x0000000712000000|  0%| F|  |TAMS 0x0000000711e00000| PB 0x0000000711e00000| Untracked 
| 118|0x0000000712000000, 0x0000000712164f38, 0x0000000712200000| 69%| E|  |TAMS 0x0000000712000000| PB 0x0000000712000000| Complete 
| 119|0x0000000712200000, 0x0000000712400000, 0x0000000712400000|100%| E|CS|TAMS 0x0000000712200000| PB 0x0000000712200000| Complete 
| 120|0x0000000712400000, 0x0000000712600000, 0x0000000712600000|100%| E|CS|TAMS 0x0000000712400000| PB 0x0000000712400000| Complete 
| 121|0x0000000712600000, 0x0000000712800000, 0x0000000712800000|100%| E|CS|TAMS 0x0000000712600000| PB 0x0000000712600000| Complete 
| 122|0x0000000712800000, 0x0000000712a00000, 0x0000000712a00000|100%| E|CS|TAMS 0x0000000712800000| PB 0x0000000712800000| Complete 
| 123|0x0000000712a00000, 0x0000000712c00000, 0x0000000712c00000|100%| E|CS|TAMS 0x0000000712a00000| PB 0x0000000712a00000| Complete 
| 124|0x0000000712c00000, 0x0000000712e00000, 0x0000000712e00000|100%| E|CS|TAMS 0x0000000712c00000| PB 0x0000000712c00000| Complete 
| 125|0x0000000712e00000, 0x0000000713000000, 0x0000000713000000|100%| E|CS|TAMS 0x0000000712e00000| PB 0x0000000712e00000| Complete 
| 126|0x0000000713000000, 0x0000000713200000, 0x0000000713200000|100%| E|CS|TAMS 0x0000000713000000| PB 0x0000000713000000| Complete 

Card table byte_map: [0x0000013d642a0000,0x0000013d64a90000] _byte_map_base: 0x0000013d60a86000

Marking Bits: (CMBitMap*) 0x0000013d4c17a570
 Bits: [0x0000013d64a90000, 0x0000013d689c0000)

Polling page: 0x0000013d4a0a0000

Metaspace:

Usage:
  Non-class:      6.56 MB used.
      Class:    780.93 KB used.
       Both:      7.33 MB used.

Virtual space:
  Non-class space:       64.00 MB reserved,       6.62 MB ( 10%) committed,  1 nodes.
      Class space:        1.00 GB reserved,     896.00 KB ( <1%) committed,  1 nodes.
             Both:        1.06 GB reserved,       7.50 MB ( <1%) committed. 

Chunk freelists:
   Non-Class:  9.00 MB
       Class:  15.11 MB
        Both:  24.11 MB

MaxMetaspaceSize: unlimited
CompressedClassSpaceSize: 1.00 GB
Initial GC threshold: 21.00 MB
Current GC threshold: 21.00 MB
CDS: on
 - commit_granule_bytes: 65536.
 - commit_granule_words: 8192.
 - virtual_space_node_default_size: 8388608.
 - enlarge_chunks_in_place: 1.
 - use_allocation_guard: 0.


Internal statistics:

num_allocs_failed_limit: 0.
num_arena_births: 146.
num_arena_deaths: 0.
num_vsnodes_births: 2.
num_vsnodes_deaths: 0.
num_space_committed: 120.
num_space_uncommitted: 0.
num_chunks_returned_to_freelist: 0.
num_chunks_taken_from_freelist: 206.
num_chunk_merges: 0.
num_chunk_splits: 112.
num_chunks_enlarged: 37.
num_inconsistent_stats: 0.

CodeHeap 'non-profiled nmethods': size=120000Kb used=326Kb max_used=326Kb free=119673Kb
 bounds [0x0000013d5c030000, 0x0000013d5c2a0000, 0x0000013d63560000]
CodeHeap 'profiled nmethods': size=120000Kb used=1806Kb max_used=1806Kb free=118193Kb
 bounds [0x0000013d54560000, 0x0000013d547d0000, 0x0000013d5ba90000]
CodeHeap 'non-nmethods': size=5760Kb used=1546Kb max_used=1560Kb free=4213Kb
 bounds [0x0000013d5ba90000, 0x0000013d5bd00000, 0x0000013d5c030000]
 total_blobs=1751 nmethods=1136 adapters=520
 compilation: enabled
              stopped_count=0, restarted_count=0
 full_count=0

Compilation events (20 events):
Event: 0.728 Thread 0x0000013d6b64fc80 nmethod 1065 0x0000013d5470e090 code [0x0000013d5470e2c0, 0x0000013d5470eb70]
Event: 0.728 Thread 0x0000013d6b64fc80 1064   !   3       sun.font.TrueTypeFont::getAllFamilyNames (30 bytes)
Event: 0.729 Thread 0x0000013d6b64fc80 nmethod 1064 0x0000013d5470ee90 code [0x0000013d5470f0c0, 0x0000013d5470f9b0]
Event: 0.731 Thread 0x0000013d6b64e140 nmethod 1059 0x0000013d5c07a190 code [0x0000013d5c07a360, 0x0000013d5c07a8f0]
Event: 0.731 Thread 0x0000013d6b64e140 1060   !   4       sun.nio.ch.NativeThreadSet::add (155 bytes)
Event: 0.732 Thread 0x0000013d6b64e140 nmethod 1060 0x0000013d5c07ad90 code [0x0000013d5c07af20, 0x0000013d5c07b1b8]
Event: 0.732 Thread 0x0000013d6b64e140 1061   !   4       sun.nio.ch.NativeThreadSet::remove (90 bytes)
Event: 0.733 Thread 0x0000013d6b64e140 nmethod 1061 0x0000013d5c07b310 code [0x0000013d5c07b4a0, 0x0000013d5c07b718]
Event: 0.733 Thread 0x0000013d6b64e140 1062       4       java.nio.channels.spi.AbstractInterruptibleChannel::end (53 bytes)
Event: 0.735 Thread 0x0000013d6b64e140 nmethod 1062 0x0000013d5c07b890 code [0x0000013d5c07ba40, 0x0000013d5c07bd68]
Event: 0.735 Thread 0x0000013d6b64e140 1067       4       java.lang.String::hashCode (60 bytes)
Event: 0.736 Thread 0x0000013d6b64e140 nmethod 1067 0x0000013d5c07bf10 code [0x0000013d5c07c0e0, 0x0000013d5c07c430]
Event: 0.736 Thread 0x0000013d6b64e140 1066       4       java.nio.ByteBuffer::limit (6 bytes)
Event: 0.736 Thread 0x0000013d6b64e140 nmethod 1066 0x0000013d5c07c510 code [0x0000013d5c07c6a0, 0x0000013d5c07c800]
Event: 0.744 Thread 0x0000013d6b64e140 1070       4       java.nio.Buffer::nextGetIndex (30 bytes)
Event: 0.744 Thread 0x0000013d6b64fc80 1068       3       java.nio.ByteBufferAsCharBufferB::get (30 bytes)
Event: 0.744 Thread 0x0000013d6b64e140 nmethod 1070 0x0000013d5c07c910 code [0x0000013d5c07caa0, 0x0000013d5c07cb58]
Event: 0.745 Thread 0x0000013d6b64fc80 nmethod 1068 0x0000013d5470fc90 code [0x0000013d5470ff00, 0x0000013d54710808]
Event: 0.745 Thread 0x0000013d6b64fc80 1069       3       java.nio.ByteBufferAsCharBufferB::byteOffset (9 bytes)
Event: 0.745 Thread 0x0000013d6b64fc80 nmethod 1069 0x0000013d54710c10 code [0x0000013d54710da0, 0x0000013d54710ec0]

GC Heap History (0 events):
No events

Dll operation events (10 events):
Event: 0.015 Loaded shared library C:\Program Files\Java\jdk-21\bin\java.dll
Event: 0.059 Loaded shared library C:\Program Files\Java\jdk-21\bin\jsvml.dll
Event: 0.099 Loaded shared library C:\Program Files\Java\jdk-21\bin\net.dll
Event: 0.105 Loaded shared library C:\Program Files\Java\jdk-21\bin\nio.dll
Event: 0.131 Loaded shared library C:\Program Files\Java\jdk-21\bin\zip.dll
Event: 0.151 Loaded shared library C:\Program Files\Java\jdk-21\bin\jimage.dll
Event: 0.166 Loaded shared library C:\Program Files\Java\jdk-21\bin\awt.dll
Event: 0.318 Loaded shared library C:\Program Files\Java\jdk-21\bin\javaaccessbridge.dll
Event: 0.433 Loaded shared library C:\Program Files\Java\jdk-21\bin\freetype.dll
Event: 0.439 Loaded shared library C:\Program Files\Java\jdk-21\bin\fontmanager.dll

Deoptimization events (20 events):
Event: 0.533 Thread 0x0000013d700fe730 Uncommon trap: trap_request=0xffffff45 fr.pc=0x0000013d5c067444 relative=0x00000000000004e4
Event: 0.533 Thread 0x0000013d700fe730 Uncommon trap: reason=unstable_if action=reinterpret pc=0x0000013d5c067444 method=java.lang.StringLatin1.toLowerCase(Ljava/lang/String;[BLjava/util/Locale;)Ljava/lang/String; @ 43 c2
Event: 0.533 Thread 0x0000013d700fe730 DEOPT PACKING pc=0x0000013d5c067444 sp=0x0000001c0b8fd380
Event: 0.533 Thread 0x0000013d700fe730 DEOPT UNPACKING pc=0x0000013d5bae46a2 sp=0x0000001c0b8fd2f0 mode 2
Event: 0.537 Thread 0x0000013d700fe730 DEOPT PACKING pc=0x0000013d545718f8 sp=0x0000001c0b8fcca0
Event: 0.537 Thread 0x0000013d700fe730 DEOPT UNPACKING pc=0x0000013d5bae4e42 sp=0x0000001c0b8fc0c0 mode 0
Event: 0.602 Thread 0x0000013d700fe730 DEOPT PACKING pc=0x0000013d5456a6d8 sp=0x0000001c0b8fcf70
Event: 0.602 Thread 0x0000013d700fe730 DEOPT UNPACKING pc=0x0000013d5bae4e42 sp=0x0000001c0b8fc3d8 mode 0
Event: 0.691 Thread 0x0000013d700fe730 Uncommon trap: trap_request=0xffffff45 fr.pc=0x0000013d5c03a650 relative=0x00000000000000b0
Event: 0.691 Thread 0x0000013d700fe730 Uncommon trap: reason=unstable_if action=reinterpret pc=0x0000013d5c03a650 method=java.lang.String.isLatin1()Z @ 10 c2
Event: 0.691 Thread 0x0000013d700fe730 DEOPT PACKING pc=0x0000013d5c03a650 sp=0x0000001c0b8fd190
Event: 0.691 Thread 0x0000013d700fe730 DEOPT UNPACKING pc=0x0000013d5bae46a2 sp=0x0000001c0b8fd0c0 mode 2
Event: 0.691 Thread 0x0000013d700fe730 Uncommon trap: trap_request=0xffffff45 fr.pc=0x0000013d5c059634 relative=0x0000000000000194
Event: 0.691 Thread 0x0000013d700fe730 Uncommon trap: reason=unstable_if action=reinterpret pc=0x0000013d5c059634 method=jdk.internal.util.ArraysSupport.vectorizedHashCode(Ljava/lang/Object;IIII)I @ 2 c2
Event: 0.691 Thread 0x0000013d700fe730 DEOPT PACKING pc=0x0000013d5c059634 sp=0x0000001c0b8fd090
Event: 0.691 Thread 0x0000013d700fe730 DEOPT UNPACKING pc=0x0000013d5bae46a2 sp=0x0000001c0b8fd040 mode 2
Event: 0.710 Thread 0x0000013d700fe730 Uncommon trap: trap_request=0xffffff45 fr.pc=0x0000013d5c076fd0 relative=0x00000000000003f0
Event: 0.710 Thread 0x0000013d700fe730 Uncommon trap: reason=unstable_if action=reinterpret pc=0x0000013d5c076fd0 method=java.lang.Character.isSurrogate(C)Z @ 3 c2
Event: 0.710 Thread 0x0000013d700fe730 DEOPT PACKING pc=0x0000013d5c076fd0 sp=0x0000001c0b8fcd50
Event: 0.710 Thread 0x0000013d700fe730 DEOPT UNPACKING pc=0x0000013d5bae46a2 sp=0x0000001c0b8fcc58 mode 2

Classes loaded (20 events):
Event: 0.748 Loading class java/awt/print/PrinterGraphics
Event: 0.748 Loading class java/awt/print/PrinterGraphics done
Event: 0.748 Loading class java/awt/PrintGraphics
Event: 0.748 Loading class java/awt/PrintGraphics done
Event: 0.748 Loading class sun/java2d/loops/FontInfo
Event: 0.748 Loading class sun/java2d/loops/FontInfo done
Event: 0.749 Loading class javax/swing/plaf/metal/MetalUtils
Event: 0.749 Loading class javax/swing/plaf/metal/MetalUtils done
Event: 0.749 Loading class javax/swing/JToolBar
Event: 0.749 Loading class javax/swing/JToolBar done
Event: 0.758 Loading class javax/swing/plaf/metal/MetalUtils$GradientPainter
Event: 0.758 Loading class sun/swing/CachedPainter
Event: 0.758 Loading class sun/swing/CachedPainter done
Event: 0.758 Loading class javax/swing/plaf/metal/MetalUtils$GradientPainter done
Event: 0.758 Loading class sun/swing/CachedPainter$PainterMultiResolutionCachedImage
Event: 0.758 Loading class java/awt/image/AbstractMultiResolutionImage
Event: 0.758 Loading class java/awt/image/MultiResolutionImage
Event: 0.758 Loading class java/awt/image/MultiResolutionImage done
Event: 0.758 Loading class java/awt/image/AbstractMultiResolutionImage done
Event: 0.758 Loading class sun/swing/CachedPainter$PainterMultiResolutionCachedImage done

Classes unloaded (0 events):
No events

Classes redefined (0 events):
No events

Internal exceptions (14 events):
Event: 0.107 Thread 0x0000013d4c11d930 Exception <a 'sun/nio/fs/WindowsException'{0x0000000712e7d188}> (0x0000000712e7d188) 
thrown [s\open\src\hotspot\share\prims\jni.cpp, line 520]
Event: 0.110 Thread 0x0000013d4c11d930 Exception <a 'sun/nio/fs/WindowsException'{0x0000000712e7f698}> (0x0000000712e7f698) 
thrown [s\open\src\hotspot\share\prims\jni.cpp, line 520]
Event: 0.110 Thread 0x0000013d4c11d930 Exception <a 'sun/nio/fs/WindowsException'{0x0000000712e80198}> (0x0000000712e80198) 
thrown [s\open\src\hotspot\share\prims\jni.cpp, line 520]
Event: 0.156 Thread 0x0000013d4c11d930 Exception <a 'java/lang/ClassNotFoundException'{0x0000000712f4b600}: sun/awt/resources/spi/awtProvider> (0x0000000712f4b600) 
thrown [s\open\src\hotspot\share\classfile\systemDictionary.cpp, line 312]
Event: 0.321 Thread 0x0000013d4c11d930 Exception <a 'java/lang/ClassNotFoundException'{0x0000000712c2d6b0}: com/sun/accessibility/internal/resources/spi/accessibilityProvider> (0x0000000712c2d6b0) 
thrown [s\open\src\hotspot\share\classfile\systemDictionary.cpp, line 312]
Event: 0.342 Thread 0x0000013d4c11d930 Exception <a 'java/lang/NoSuchMethodError'{0x0000000712dc62e0}: 'void java.lang.invoke.DirectMethodHandle$Holder.invokeStatic(java.lang.Object, java.lang.Object)'> (0x0000000712dc62e0) 
thrown [s\open\src\hotspot\share\interpreter\linkResolver.cpp, line 773]
Event: 0.360 Thread 0x0000013d4c11d930 Exception <a 'java/lang/NoSuchMethodError'{0x0000000712de6cb8}: 'void java.lang.invoke.DirectMethodHandle$Holder.invokeSpecial(java.lang.Object, java.lang.Object, java.lang.Object)'> (0x0000000712de6cb8) 
thrown [s\open\src\hotspot\share\interpreter\linkResolver.cpp, line 773]
Event: 0.366 Thread 0x0000013d4c11d930 Exception <a 'java/lang/NoSuchMethodError'{0x0000000712a0c820}: 'java.lang.Object java.lang.invoke.DirectMethodHandle$Holder.newInvokeSpecial(java.lang.Object, java.lang.Object, java.lang.Object, java.lang.Object, java.lang.Object)'> (0x0000000712a0c820) 
thrown [s\open\src\hotspot\share\interpreter\linkResolver.cpp, line 773]
Event: 0.371 Thread 0x0000013d4c11d930 Exception <a 'java/lang/NoSuchMethodError'{0x0000000712a38810}: 'java.lang.Object java.lang.invoke.DirectMethodHandle$Holder.invokeStatic(java.lang.Object, int, java.lang.Object)'> (0x0000000712a38810) 
thrown [s\open\src\hotspot\share\interpreter\linkResolver.cpp, line 773]
Event: 0.388 Thread 0x0000013d4c11d930 Exception <a 'java/lang/ClassNotFoundException'{0x0000000712ad7b50}: com/sun/swing/internal/plaf/metal/resources/spi/metalProvider> (0x0000000712ad7b50) 
thrown [s\open\src\hotspot\share\classfile\systemDictionary.cpp, line 312]
Event: 0.389 Thread 0x0000013d4c11d930 Exception <a 'java/lang/ClassNotFoundException'{0x0000000712adbab0}: com/sun/swing/internal/plaf/basic/resources/spi/basicProvider> (0x0000000712adbab0) 
thrown [s\open\src\hotspot\share\classfile\systemDictionary.cpp, line 312]
Event: 0.396 Thread 0x0000013d4c11d930 Exception <a 'java/lang/NoSuchMethodError'{0x0000000712afae20}: 'int java.lang.invoke.Invokers$Holder.invokeExact_MT(java.lang.Object, java.lang.Object)'> (0x0000000712afae20) 
thrown [s\open\src\hotspot\share\interpreter\linkResolver.cpp, line 773]
Event: 0.415 Thread 0x0000013d6ba6a300 Exception <a 'java/lang/NoSuchMethodError'{0x0000000712cf0ae8}: 'void java.lang.invoke.DirectMethodHandle$Holder.invokeVirtual(java.lang.Object, java.lang.Object)'> (0x0000000712cf0ae8) 
thrown [s\open\src\hotspot\share\interpreter\linkResolver.cpp, line 773]
Event: 0.429 Thread 0x0000013d4c11d930 Exception <a 'java/lang/NoSuchMethodError'{0x0000000712b317e0}: 'void java.lang.invoke.DirectMethodHandle$Holder.invokeStaticInit(java.lang.Object)'> (0x0000000712b317e0) 
thrown [s\open\src\hotspot\share\interpreter\linkResolver.cpp, line 773]

ZGC Phase Switch (0 events):
No events

VM Operations (8 events):
Event: 0.111 Executing VM operation: HandshakeAllThreads (Deoptimize)
Event: 0.111 Executing VM operation: HandshakeAllThreads (Deoptimize) done
Event: 0.400 Executing VM operation: HandshakeAllThreads (Deoptimize)
Event: 0.400 Executing VM operation: HandshakeAllThreads (Deoptimize) done
Event: 0.744 Executing VM operation: HandshakeAllThreads (Deoptimize)
Event: 0.744 Executing VM operation: HandshakeAllThreads (Deoptimize) done
Event: 0.744 Executing VM operation: HandshakeAllThreads (Deoptimize)
Event: 0.744 Executing VM operation: HandshakeAllThreads (Deoptimize) done

Events (20 events):
Event: 0.055 Thread 0x0000013d6b632b50 Thread added: 0x0000013d6b632b50
Event: 0.056 Thread 0x0000013d6b637ce0 Thread added: 0x0000013d6b637ce0
Event: 0.056 Thread 0x0000013d6b63e9e0 Thread added: 0x0000013d6b63e9e0
Event: 0.056 Thread 0x0000013d6b780090 Thread added: 0x0000013d6b780090
Event: 0.056 Thread 0x0000013d6b647a10 Thread added: 0x0000013d6b647a10
Event: 0.056 Thread 0x0000013d6b64a3c0 Thread added: 0x0000013d6b64a3c0
Event: 0.056 Thread 0x0000013d6b64fc80 Thread added: 0x0000013d6b64fc80
Event: 0.084 Thread 0x0000013d6b8c4ed0 Thread added: 0x0000013d6b8c4ed0
Event: 0.126 Thread 0x0000013d6b9756d0 Thread added: 0x0000013d6b9756d0
Event: 0.133 Thread 0x0000013d6b6510f0 Thread added: 0x0000013d6b6510f0
Event: 0.223 Thread 0x0000013d6ba18ae0 Thread added: 0x0000013d6ba18ae0
Event: 0.225 Thread 0x0000013d6ba19560 Thread added: 0x0000013d6ba19560
Event: 0.226 Thread 0x0000013d6ba6a300 Thread added: 0x0000013d6ba6a300
Event: 0.307 Thread 0x0000013d6b6510f0 Thread exited: 0x0000013d6b6510f0
Event: 0.330 Thread 0x0000013d700446d0 Thread added: 0x0000013d700446d0
Event: 0.341 Thread 0x0000013d7005e550 Thread added: 0x0000013d7005e550
Event: 0.415 Thread 0x0000013d700fe730 Thread added: 0x0000013d700fe730
Event: 0.493 Thread 0x0000013d4c11d930 Thread exited: 0x0000013d4c11d930
Event: 0.493 Thread 0x0000013d4c11d930 Thread added: 0x0000013d4c11d930
Event: 0.700 Thread 0x0000013d6b64e140 Thread added: 0x0000013d6b64e140


Dynamic libraries:
0x00007ff627930000 - 0x00007ff627940000 	C:\Program Files\Java\jdk-21\bin\java.exe
0x00007ff9b7f30000 - 0x00007ff9b8147000 	C:\WINDOWS\SYSTEM32\ntdll.dll
0x00007ff9b6df0000 - 0x00007ff9b6eb4000 	C:\WINDOWS\System32\KERNEL32.DLL
0x00007ff9b56b0000 - 0x00007ff9b5a56000 	C:\WINDOWS\System32\KERNELBASE.dll
0x00007ff9b54a0000 - 0x00007ff9b55b1000 	C:\WINDOWS\System32\ucrtbase.dll
0x00007ff9a3000000 - 0x00007ff9a3019000 	C:\Program Files\Java\jdk-21\bin\jli.dll
0x00007ff9b7130000 - 0x00007ff9b71e3000 	C:\WINDOWS\System32\ADVAPI32.dll
0x00007ff9b7770000 - 0x00007ff9b7817000 	C:\WINDOWS\System32\msvcrt.dll
0x00007ff9b73b0000 - 0x00007ff9b7458000 	C:\WINDOWS\System32\sechost.dll
0x00007ff9b5c50000 - 0x00007ff9b5c78000 	C:\WINDOWS\System32\bcrypt.dll
0x00007ff9b6ca0000 - 0x00007ff9b6db7000 	C:\WINDOWS\System32\RPCRT4.dll
0x00007ff9b7200000 - 0x00007ff9b73ae000 	C:\WINDOWS\System32\USER32.dll
0x00007ff9b55c0000 - 0x00007ff9b55e6000 	C:\WINDOWS\System32\win32u.dll
0x00007ff9b6dc0000 - 0x00007ff9b6de9000 	C:\WINDOWS\System32\GDI32.dll
0x00007ff9b5270000 - 0x00007ff9b5388000 	C:\WINDOWS\System32\gdi32full.dll
0x00007ff9b5390000 - 0x00007ff9b542a000 	C:\WINDOWS\System32\msvcp_win.dll
0x00007ff99a3a0000 - 0x00007ff99a633000 	C:\WINDOWS\WinSxS\amd64_microsoft.windows.common-controls_6595b64144ccf1df_6.0.22621.2506_none_270c5ae97388e100\COMCTL32.dll
0x00007ff9b4eb0000 - 0x00007ff9b4eba000 	C:\WINDOWS\SYSTEM32\VERSION.dll
0x00007ff9a3190000 - 0x00007ff9a31ab000 	C:\Program Files\Java\jdk-21\bin\VCRUNTIME140.dll
0x00007ff9b7730000 - 0x00007ff9b7761000 	C:\WINDOWS\System32\IMM32.DLL
0x000000006c5b0000 - 0x000000006c5bc000 	C:\Program Files (x86)\360\Total Security\safemon\SafeWrapper.dll
0x00007ff95e1d0000 - 0x00007ff95e262000 	C:\Program Files (x86)\360\Total Security\safemon\libzdtp64.dll
0x00007ff9b6120000 - 0x00007ff9b697a000 	C:\WINDOWS\System32\SHELL32.dll
0x00007ff9b70d0000 - 0x00007ff9b712e000 	C:\WINDOWS\System32\SHLWAPI.dll
0x00007ff9a55b0000 - 0x00007ff9a55bc000 	C:\Program Files\Java\jdk-21\bin\vcruntime140_1.dll
0x00007ff999cd0000 - 0x00007ff999d5e000 	C:\Program Files\Java\jdk-21\bin\msvcp140.dll
0x00007ff95b770000 - 0x00007ff95c487000 	C:\Program Files\Java\jdk-21\bin\server\jvm.dll
0x00007ff9b76b0000 - 0x00007ff9b7721000 	C:\WINDOWS\System32\WS2_32.dll
0x00007ff9b4080000 - 0x00007ff9b40cd000 	C:\WINDOWS\SYSTEM32\POWRPROF.dll
0x00007ff9968e0000 - 0x00007ff996914000 	C:\WINDOWS\SYSTEM32\WINMM.dll
0x00007ff9b4060000 - 0x00007ff9b4073000 	C:\WINDOWS\SYSTEM32\UMPDC.dll
0x00007ff9b4320000 - 0x00007ff9b4338000 	C:\WINDOWS\SYSTEM32\kernel.appcore.dll
0x00007ff9a4700000 - 0x00007ff9a470a000 	C:\Program Files\Java\jdk-21\bin\jimage.dll
0x00007ff9b0850000 - 0x00007ff9b0a83000 	C:\WINDOWS\SYSTEM32\DBGHELP.DLL
0x00007ff9b7820000 - 0x00007ff9b7ba9000 	C:\WINDOWS\System32\combase.dll
0x00007ff9b6a00000 - 0x00007ff9b6ad7000 	C:\WINDOWS\System32\OLEAUT32.dll
0x00007ff9a4c00000 - 0x00007ff9a4c32000 	C:\WINDOWS\SYSTEM32\dbgcore.DLL
0x00007ff9b5bd0000 - 0x00007ff9b5c4a000 	C:\WINDOWS\System32\bcryptPrimitives.dll
0x00007ff9a3080000 - 0x00007ff9a309f000 	C:\Program Files\Java\jdk-21\bin\java.dll
0x00007ff9b3160000 - 0x00007ff9b3a56000 	C:\WINDOWS\SYSTEM32\windows.storage.dll
0x00007ff9b3020000 - 0x00007ff9b315e000 	C:\WINDOWS\SYSTEM32\wintypes.dll
0x00007ff9b75b0000 - 0x00007ff9b76a3000 	C:\WINDOWS\System32\SHCORE.dll
0x00007ff9b51a0000 - 0x00007ff9b51c6000 	C:\WINDOWS\SYSTEM32\profapi.dll
0x00007ff98ef00000 - 0x00007ff98efd7000 	C:\Program Files\Java\jdk-21\bin\jsvml.dll
0x00007ff9a3a60000 - 0x00007ff9a3a70000 	C:\Program Files\Java\jdk-21\bin\net.dll
0x00007ff9aae20000 - 0x00007ff9aaf57000 	C:\WINDOWS\SYSTEM32\WINHTTP.dll
0x00007ff9b47a0000 - 0x00007ff9b4809000 	C:\WINDOWS\system32\mswsock.dll
0x00007ff9a2f80000 - 0x00007ff9a2f96000 	C:\Program Files\Java\jdk-21\bin\nio.dll
0x00007ff9a1d70000 - 0x00007ff9a1d88000 	C:\Program Files\Java\jdk-21\bin\zip.dll
0x00007ff967d10000 - 0x00007ff967e9f000 	C:\Program Files\Java\jdk-21\bin\awt.dll
0x00007ff9b2650000 - 0x00007ff9b26e7000 	C:\WINDOWS\SYSTEM32\apphelp.dll
0x00007ff9b29a0000 - 0x00007ff9b29cb000 	C:\WINDOWS\system32\DWMAPI.DLL
0x00007ff9b2770000 - 0x00007ff9b281b000 	C:\WINDOWS\system32\uxtheme.dll
0x00007ff98d7f0000 - 0x00007ff98d8f0000 	C:\WINDOWS\system32\opengl32.dll
0x00007ff9a3160000 - 0x00007ff9a318d000 	C:\WINDOWS\SYSTEM32\GLU32.dll
0x00007ff9b2850000 - 0x00007ff9b2886000 	C:\WINDOWS\SYSTEM32\dxcore.dll
0x00007ff97a740000 - 0x00007ff97a871000 	C:\ProgramData\A-Volute\A-Volute.SonicStudio3\Modules\ScheduledModules\x64\AudioDevProps2.dll
0x00007ff9b7c70000 - 0x00007ff9b7e10000 	C:\WINDOWS\System32\ole32.dll
0x0000013d6bce0000 - 0x0000013d6be30000 	C:\WINDOWS\System32\MSCTF.dll
0x00007ff9a13b0000 - 0x00007ff9a13fa000 	C:\Program Files\Java\jdk-21\bin\javaaccessbridge.dll
0x00007ff9a31d0000 - 0x00007ff9a31d7000 	C:\Program Files\Java\jdk-21\bin\jawt.dll
0x00007ff984cb0000 - 0x00007ff984d37000 	C:\Program Files\Java\jdk-21\bin\freetype.dll
0x00007ff983770000 - 0x00007ff983852000 	C:\Program Files\Java\jdk-21\bin\fontmanager.dll
0x00007ff981870000 - 0x00007ff9819ba000 	C:\WINDOWS\SYSTEM32\textinputframework.dll

dbghelp: loaded successfully - version: 4.0.5 - missing functions: none
symbol engine: initialized successfully - sym options: 0x614 - pdb path: .;C:\Program Files\Java\jdk-21\bin;C:\WINDOWS\SYSTEM32;C:\WINDOWS\WinSxS\amd64_microsoft.windows.common-controls_6595b64144ccf1df_6.0.22621.2506_none_270c5ae97388e100;C:\Program Files (x86)\360\Total Security\safemon;C:\Program Files\Java\jdk-21\bin\server;C:\ProgramData\A-Volute\A-Volute.SonicStudio3\Modules\ScheduledModules\x64

VM Arguments:
jvm_args: -Dfile.encoding=UTF-8 --module-path=C:\Users\RAMS\Documents\NetBeansProjects\bank management system\build\classes 
java_command: bank.management.system.SignupThree
java_class_path (initial): C:\Users\RAMS\Documents\Amar Bank\jcalendar-tz-1.3.3-4.jar;C:\Users\RAMS\Documents\Amar Bank\mysql-connector-java-8.0.28.jar;C:\Users\RAMS\Documents\NetBeansProjects\bank management system\build\classes
Launcher Type: SUN_STANDARD

[Global flags]
     intx CICompilerCount                          = 4                                         {product} {ergonomic}
     uint ConcGCThreads                            = 3                                         {product} {ergonomic}
     uint G1ConcRefinementThreads                  = 10                                        {product} {ergonomic}
   size_t G1HeapRegionSize                         = 2097152                                   {product} {ergonomic}
    uintx GCDrainStackTargetSize                   = 64                                        {product} {ergonomic}
   size_t InitialHeapSize                          = 266338304                                 {product} {ergonomic}
   size_t MarkStackSize                            = 4194304                                   {product} {ergonomic}
   size_t MaxHeapSize                              = 4240441344                                {product} {ergonomic}
   size_t MaxNewSize                               = 2543845376                                {product} {ergonomic}
   size_t MinHeapDeltaBytes                        = 2097152                                   {product} {ergonomic}
   size_t MinHeapSize                              = 8388608                                   {product} {ergonomic}
    uintx NonNMethodCodeHeapSize                   = 5839372                                {pd product} {ergonomic}
    uintx NonProfiledCodeHeapSize                  = 122909434                              {pd product} {ergonomic}
    uintx ProfiledCodeHeapSize                     = 122909434                              {pd product} {ergonomic}
    uintx ReservedCodeCacheSize                    = 251658240                              {pd product} {ergonomic}
     bool SegmentedCodeCache                       = true                                      {product} {ergonomic}
   size_t SoftMaxHeapSize                          = 4240441344                             {manageable} {ergonomic}
     bool UseCompressedOops                        = true                           {product lp64_product} {ergonomic}
     bool UseG1GC                                  = true                                      {product} {ergonomic}
     bool UseLargePagesIndividualAllocation        = false                                  {pd product} {ergonomic}

Logging:
Log output configuration:
 #0: stdout all=warning uptime,level,tags foldmultilines=false
 #1: stderr all=off uptime,level,tags foldmultilines=false

Environment Variables:
PATH=C:\Program Files\Common Files\Oracle\Java\javapath;C:\Windows\system32;C:\Windows;C:\Windows\System32\Wbem;C:\Windows\System32\WindowsPowerShell\v1.0\;C:\Windows\System32\OpenSSH\;C:\Program Files (x86)\NVIDIA Corporation\PhysX\Common;C:\Program Files\NVIDIA Corporation\NVIDIA NvDLISR;C:\WINDOWS\system32;C:\WINDOWS;C:\WINDOWS\System32\Wbem;C:\WINDOWS\System32\WindowsPowerShell\v1.0\;C:\WINDOWS\System32\OpenSSH\;C:\Program Files\Java\jdk-21\bin;C:\Program Files\MySQL\MySQL Server 8.0\bin;C:\Program Files\MySQL\MySQL Shell 8.0\bin\;C:\Users\RAMS\AppData\Local\Microsoft\WindowsApps;;C:\Users\RAMS\AppData\Local\Programs\Microsoft VS Code\bin
USERNAME=RAMS
OS=Windows_NT
PROCESSOR_IDENTIFIER=Intel64 Family 6 Model 165 Stepping 2, GenuineIntel
TMP=C:\Users\RAMS\AppData\Local\Temp
TEMP=C:\Users\RAMS\AppData\Local\Temp




Periodic native trim disabled

---------------  S Y S T E M  ---------------

OS:
 Windows 11 , 64 bit Build 22621 (10.0.22621.2506)
OS uptime: 5 days 9:01 hours

CPU: total 12 (initial active 12) (6 cores per cpu, 2 threads per core) family 6 model 165 stepping 2 microcode 0xe0, cx8, cmov, fxsr, ht, mmx, 3dnowpref, sse, sse2, sse3, ssse3, sse4.1, sse4.2, popcnt, lzcnt, tsc, tscinvbit, avx, avx2, aes, erms, clmul, bmi1, bmi2, adx, fma, vzeroupper, clflush, clflushopt, rdtscp, f16c, pku
Processor Information for all 12 processors :
  Max Mhz: 2592, Current Mhz: 2592, Mhz Limit: 2592

Memory: 4k page, system-wide physical 16171M (5568M free)
TotalPageFile size 25601M (AvailPageFile size 3M)
current process WorkingSet (physical memory assigned to process): 79M, peak: 79M
current process commit charge ("private bytes"): 360M, peak: 363M

vm_info: Java HotSpot(TM) 64-Bit Server VM (21.0.2+13-LTS-58) for windows-amd64 JRE (21.0.2+13-LTS-58), built on 2024-01-05T18:32:24Z by "mach5one" with MS VC++ 17.1 (VS2022)

END.
