#
# There is insufficient memory for the Java Runtime Environment to continue.
# Native memory allocation (mmap) failed to map 266338304 bytes for G1 virtual space
# Possible reasons:
#   The system is out of physical RAM or swap space
#   The process is running with CompressedOops enabled, and the Java Heap may be blocking the growth of the native heap
# Possible solutions:
#   Reduce memory load on the system
#   Increase physical memory or swap space
#   Check if swap backing store is full
#   Decrease Java heap size (-Xmx/-Xms)
#   Decrease number of Java threads
#   Decrease Java thread stack sizes (-Xss)
#   Set larger code cache with -XX:ReservedCodeCacheSize=
#   JVM is running with Zero Based Compressed Oops mode in which the Java heap is
#     placed in the first 32GB address space. The Java Heap base address is the
#     maximum limit for the native heap growth. Please use -XX:HeapBaseMinAddress
#     to set the Java Heap base and to place the Java Heap above 32GB virtual address.
# This output file may be truncated or incomplete.
#
#  Out of Memory Error (os_windows.cpp:3600), pid=32916, tid=37916
#
# JRE version:  (21.0.2+13) (build )
# Java VM: Java HotSpot(TM) 64-Bit Server VM (21.0.2+13-LTS-58, mixed mode, sharing, tiered, compressed oops, compressed class ptrs, g1 gc, windows-amd64)
# No core dump will be written. Minidumps are not enabled by default on client versions of Windows
#

---------------  S U M M A R Y ------------

Command Line: -Dfile.encoding=UTF-8 --module-path=C:\Users\RAMS\Documents\NetBeansProjects\bank management system\build\classes bank.management.system.SignupTwo

Host: Intel(R) Core(TM) i7-10750H CPU @ 2.60GHz, 12 cores, 15G,  Windows 11 , 64 bit Build 22621 (10.0.22621.2506)
Time: Wed Jan 24 19:51:21 2024 India Standard Time elapsed time: 0.011594 seconds (0d 0h 0m 0s)

---------------  T H R E A D  ---------------

Current thread (0x00000293f891d4e0):  JavaThread "Unknown thread" [_thread_in_vm, id=37916, stack(0x000000f48f700000,0x000000f48f800000) (1024K)]

Stack: [0x000000f48f700000,0x000000f48f800000]
Native frames: (J=compiled Java code, j=interpreted, Vv=VM code, C=native code)
V  [jvm.dll+0x6cade9]
V  [jvm.dll+0x8569c1]
V  [jvm.dll+0x858d2e]
V  [jvm.dll+0x859413]
V  [jvm.dll+0x280e56]
V  [jvm.dll+0x6c74d5]
V  [jvm.dll+0x6bbeca]
V  [jvm.dll+0x355bca]
V  [jvm.dll+0x35d816]
V  [jvm.dll+0x3ae67e]
V  [jvm.dll+0x3ae928]
V  [jvm.dll+0x3295dc]
V  [jvm.dll+0x32a16b]
V  [jvm.dll+0x81efa9]
V  [jvm.dll+0x3bba01]
V  [jvm.dll+0x807928]
V  [jvm.dll+0x44f50e]
V  [jvm.dll+0x450e11]
C  [jli.dll+0x52a3]
C  [ucrtbase.dll+0x29363]
C  [KERNEL32.DLL+0x1257d]
C  [ntdll.dll+0x5aa58]


---------------  P R O C E S S  ---------------

Threads class SMR info:
_java_thread_list=0x00007ff95c33bb88, length=0, elements={
}

Java Threads: ( => current thread )
Total: 0

Other Threads:
  0x00000293f897a7a0 WorkerThread "GC Thread#0"                     [id=31728, stack(0x000000f48f800000,0x000000f48f900000) (1024K)]
  0x00000293f898c410 ConcurrentGCThread "G1 Main Marker"            [id=10448, stack(0x000000f48f900000,0x000000f48fa00000) (1024K)]
  0x00000293f898da80 WorkerThread "G1 Conc#0"                       [id=39096, stack(0x000000f48fa00000,0x000000f48fb00000) (1024K)]

[error occurred during error reporting (printing all threads), id 0xc0000005, EXCEPTION_ACCESS_VIOLATION (0xc0000005) at pc=0x00007ff95baac6a7]
VM state: not at safepoint (not fully initialized)

VM Mutex/Monitor currently owned by a thread:  ([mutex/lock_event])
[0x00007ff95c3ace68] Heap_lock - owner thread: 0x00000293f891d4e0

Heap address: 0x0000000703400000, size: 4044 MB, Compressed Oops mode: Zero based, Oop shift amount: 3

CDS archive(s) mapped at: [0x0000000000000000-0x0000000000000000-0x0000000000000000), size 0, SharedBaseAddress: 0x0000000800000000, ArchiveRelocationMode: 1.
Narrow klass base: 0x0000000000000000, Narrow klass shift: 0, Narrow klass range: 0x0

GC Precious Log:
 CardTable entry size: 512
 Card Set container configuration: InlinePtr #cards 4 size 8 Array Of Cards #cards 16 size 48 Howl #buckets 8 coarsen threshold 3686 Howl Bitmap #cards 512 size 80 coarsen threshold 460 Card regions per heap region 1 cards per card region 4096

Heap:
 garbage-first heap   total 0K, used 0K [0x0000000703400000, 0x0000000800000000)
  region size 2048K, 0 young (0K), 0 survivors (0K)

[error occurred during error reporting (printing heap information), id 0xc0000005, EXCEPTION_ACCESS_VIOLATION (0xc0000005) at pc=0x00007ff95be939f9]
GC Heap History (0 events):
No events

Dll operation events (1 events):
Event: 0.009 Loaded shared library C:\Program Files\Java\jdk-21\bin\java.dll

Deoptimization events (0 events):
No events

Classes loaded (0 events):
No events

Classes unloaded (0 events):
No events

Classes redefined (0 events):
No events

Internal exceptions (0 events):
No events

ZGC Phase Switch (0 events):
No events

VM Operations (0 events):
No events

Events (0 events):
No events


Dynamic libraries:
0x00007ff627930000 - 0x00007ff627940000 	C:\Program Files\Java\jdk-21\bin\java.exe
0x00007ff9b7f30000 - 0x00007ff9b8147000 	C:\WINDOWS\SYSTEM32\ntdll.dll
0x00007ff9b6df0000 - 0x00007ff9b6eb4000 	C:\WINDOWS\System32\KERNEL32.DLL
0x00007ff9b56b0000 - 0x00007ff9b5a56000 	C:\WINDOWS\System32\KERNELBASE.dll
0x00007ff9b54a0000 - 0x00007ff9b55b1000 	C:\WINDOWS\System32\ucrtbase.dll
0x00007ff9a3190000 - 0x00007ff9a31ab000 	C:\Program Files\Java\jdk-21\bin\VCRUNTIME140.dll
0x00007ff9aa3e0000 - 0x00007ff9aa3f9000 	C:\Program Files\Java\jdk-21\bin\jli.dll
0x00007ff9b7130000 - 0x00007ff9b71e3000 	C:\WINDOWS\System32\ADVAPI32.dll
0x00007ff9b7770000 - 0x00007ff9b7817000 	C:\WINDOWS\System32\msvcrt.dll
0x00007ff9b73b0000 - 0x00007ff9b7458000 	C:\WINDOWS\System32\sechost.dll
0x00007ff9b5c50000 - 0x00007ff9b5c78000 	C:\WINDOWS\System32\bcrypt.dll
0x00007ff9b6ca0000 - 0x00007ff9b6db7000 	C:\WINDOWS\System32\RPCRT4.dll
0x00007ff9b7200000 - 0x00007ff9b73ae000 	C:\WINDOWS\System32\USER32.dll
0x00007ff9b55c0000 - 0x00007ff9b55e6000 	C:\WINDOWS\System32\win32u.dll
0x00007ff9b6dc0000 - 0x00007ff9b6de9000 	C:\WINDOWS\System32\GDI32.dll
0x00007ff9b5270000 - 0x00007ff9b5388000 	C:\WINDOWS\System32\gdi32full.dll
0x00007ff9b5390000 - 0x00007ff9b542a000 	C:\WINDOWS\System32\msvcp_win.dll
0x00007ff99a3a0000 - 0x00007ff99a633000 	C:\WINDOWS\WinSxS\amd64_microsoft.windows.common-controls_6595b64144ccf1df_6.0.22621.2506_none_270c5ae97388e100\COMCTL32.dll
0x00007ff9b4eb0000 - 0x00007ff9b4eba000 	C:\WINDOWS\SYSTEM32\VERSION.dll
0x00007ff9b7730000 - 0x00007ff9b7761000 	C:\WINDOWS\System32\IMM32.DLL
0x000000006c5b0000 - 0x000000006c5bc000 	C:\Program Files (x86)\360\Total Security\safemon\SafeWrapper.dll
0x00007ff967500000 - 0x00007ff967592000 	C:\Program Files (x86)\360\Total Security\safemon\libzdtp64.dll
0x00007ff9b6120000 - 0x00007ff9b697a000 	C:\WINDOWS\System32\SHELL32.dll
0x00007ff9b70d0000 - 0x00007ff9b712e000 	C:\WINDOWS\System32\SHLWAPI.dll
0x00007ff9a55b0000 - 0x00007ff9a55bc000 	C:\Program Files\Java\jdk-21\bin\vcruntime140_1.dll
0x00007ff999cd0000 - 0x00007ff999d5e000 	C:\Program Files\Java\jdk-21\bin\msvcp140.dll
0x00007ff95b770000 - 0x00007ff95c487000 	C:\Program Files\Java\jdk-21\bin\server\jvm.dll
0x00007ff9b76b0000 - 0x00007ff9b7721000 	C:\WINDOWS\System32\WS2_32.dll
0x00007ff9b4080000 - 0x00007ff9b40cd000 	C:\WINDOWS\SYSTEM32\POWRPROF.dll
0x00007ff9968e0000 - 0x00007ff996914000 	C:\WINDOWS\SYSTEM32\WINMM.dll
0x00007ff9b4060000 - 0x00007ff9b4073000 	C:\WINDOWS\SYSTEM32\UMPDC.dll
0x00007ff9b4320000 - 0x00007ff9b4338000 	C:\WINDOWS\SYSTEM32\kernel.appcore.dll
0x00007ff9a4700000 - 0x00007ff9a470a000 	C:\Program Files\Java\jdk-21\bin\jimage.dll
0x00007ff9b0850000 - 0x00007ff9b0a83000 	C:\WINDOWS\SYSTEM32\DBGHELP.DLL
0x00007ff9b7820000 - 0x00007ff9b7ba9000 	C:\WINDOWS\System32\combase.dll
0x00007ff9b6a00000 - 0x00007ff9b6ad7000 	C:\WINDOWS\System32\OLEAUT32.dll
0x00007ff9a4c00000 - 0x00007ff9a4c32000 	C:\WINDOWS\SYSTEM32\dbgcore.DLL
0x00007ff9b5bd0000 - 0x00007ff9b5c4a000 	C:\WINDOWS\System32\bcryptPrimitives.dll
0x00007ff9a3080000 - 0x00007ff9a309f000 	C:\Program Files\Java\jdk-21\bin\java.dll

dbghelp: loaded successfully - version: 4.0.5 - missing functions: none
symbol engine: initialized successfully - sym options: 0x614 - pdb path: .;C:\Program Files\Java\jdk-21\bin;C:\WINDOWS\SYSTEM32;C:\WINDOWS\WinSxS\amd64_microsoft.windows.common-controls_6595b64144ccf1df_6.0.22621.2506_none_270c5ae97388e100;C:\Program Files (x86)\360\Total Security\safemon;C:\Program Files\Java\jdk-21\bin\server

VM Arguments:
jvm_args: -Dfile.encoding=UTF-8 --module-path=C:\Users\RAMS\Documents\NetBeansProjects\bank management system\build\classes 
java_command: bank.management.system.SignupTwo
java_class_path (initial): C:\Users\RAMS\Documents\Amar Bank\jcalendar-tz-1.3.3-4.jar;C:\Users\RAMS\Documents\Amar Bank\mysql-connector-java-8.0.28.jar;C:\Users\RAMS\Documents\NetBeansProjects\bank management system\build\classes
Launcher Type: SUN_STANDARD

[Global flags]
     intx CICompilerCount                          = 4                                         {product} {ergonomic}
     uint ConcGCThreads                            = 3                                         {product} {ergonomic}
     uint G1ConcRefinementThreads                  = 10                                        {product} {ergonomic}
   size_t G1HeapRegionSize                         = 2097152                                   {product} {ergonomic}
    uintx GCDrainStackTargetSize                   = 64                                        {product} {ergonomic}
   size_t InitialHeapSize                          = 266338304                                 {product} {ergonomic}
   size_t MarkStackSize                            = 4194304                                   {product} {ergonomic}
   size_t MaxHeapSize                              = 4240441344                                {product} {ergonomic}
   size_t MinHeapDeltaBytes                        = 2097152                                   {product} {ergonomic}
   size_t MinHeapSize                              = 8388608                                   {product} {ergonomic}
    uintx NonNMethodCodeHeapSize                   = 5839372                                {pd product} {ergonomic}
    uintx NonProfiledCodeHeapSize                  = 122909434                              {pd product} {ergonomic}
    uintx ProfiledCodeHeapSize                     = 122909434                              {pd product} {ergonomic}
    uintx ReservedCodeCacheSize                    = 251658240                              {pd product} {ergonomic}
     bool SegmentedCodeCache                       = true                                      {product} {ergonomic}
   size_t SoftMaxHeapSize                          = 4240441344                             {manageable} {ergonomic}
     bool UseCompressedOops                        = true                           {product lp64_product} {ergonomic}
     bool UseG1GC                                  = true                                      {product} {ergonomic}
     bool UseLargePagesIndividualAllocation        = false                                  {pd product} {ergonomic}

Logging:
Log output configuration:
 #0: stdout all=warning uptime,level,tags foldmultilines=false
 #1: stderr all=off uptime,level,tags foldmultilines=false

Environment Variables:
PATH=C:\Program Files\Common Files\Oracle\Java\javapath;C:\Windows\system32;C:\Windows;C:\Windows\System32\Wbem;C:\Windows\System32\WindowsPowerShell\v1.0\;C:\Windows\System32\OpenSSH\;C:\Program Files (x86)\NVIDIA Corporation\PhysX\Common;C:\Program Files\NVIDIA Corporation\NVIDIA NvDLISR;C:\WINDOWS\system32;C:\WINDOWS;C:\WINDOWS\System32\Wbem;C:\WINDOWS\System32\WindowsPowerShell\v1.0\;C:\WINDOWS\System32\OpenSSH\;C:\Program Files\Java\jdk-21\bin;C:\Program Files\MySQL\MySQL Server 8.0\bin;C:\Program Files\MySQL\MySQL Shell 8.0\bin\;C:\Users\RAMS\AppData\Local\Microsoft\WindowsApps;;C:\Users\RAMS\AppData\Local\Programs\Microsoft VS Code\bin
USERNAME=RAMS
OS=Windows_NT
PROCESSOR_IDENTIFIER=Intel64 Family 6 Model 165 Stepping 2, GenuineIntel
TMP=C:\Users\RAMS\AppData\Local\Temp
TEMP=C:\Users\RAMS\AppData\Local\Temp




Periodic native trim disabled

---------------  S Y S T E M  ---------------

OS:
 Windows 11 , 64 bit Build 22621 (10.0.22621.2506)
OS uptime: 5 days 5:10 hours

CPU: total 12 (initial active 12) (6 cores per cpu, 2 threads per core) family 6 model 165 stepping 2 microcode 0xe0, cx8, cmov, fxsr, ht, mmx, 3dnowpref, sse, sse2, sse3, ssse3, sse4.1, sse4.2, popcnt, lzcnt, tsc, tscinvbit, avx, avx2, aes, erms, clmul, bmi1, bmi2, adx, fma, vzeroupper, clflush, clflushopt, rdtscp, f16c, pku
Processor Information for all 12 processors :
  Max Mhz: 2592, Current Mhz: 2592, Mhz Limit: 2592

Memory: 4k page, system-wide physical 16171M (5770M free)
TotalPageFile size 25375M (AvailPageFile size 228M)
current process WorkingSet (physical memory assigned to process): 12M, peak: 12M
current process commit charge ("private bytes"): 65M, peak: 319M

vm_info: Java HotSpot(TM) 64-Bit Server VM (21.0.2+13-LTS-58) for windows-amd64 JRE (21.0.2+13-LTS-58), built on 2024-01-05T18:32:24Z by "mach5one" with MS VC++ 17.1 (VS2022)

END.
